# JRE version: Java(TM) SE Runtime Environment (8.0_91-b14) (build 1.8.0_91-b14)
# Java VM: Java HotSpot(TM) 64-Bit Server VM (25.91-b14 mixed mode windows-amd64 compressed oops)
Heap:
 PSYoungGen      total 217600K, used 23842K [0x000000076bd80000, 0x000000077cc00000, 0x00000007c0000000)
  eden space 197632K, 5% used [0x000000076bd80000,0x000000076c795588,0x0000000777e80000)
  from space 19968K, 67% used [0x0000000777e80000,0x0000000778bb33e8,0x0000000779200000)
  to   space 19968K, 0% used [0x000000077b880000,0x000000077b880000,0x000000077cc00000)
 ParOldGen       total 186880K, used 27258K [0x00000006c3800000, 0x00000006cee80000, 0x000000076bd80000)
  object space 186880K, 14% used [0x00000006c3800000,0x00000006c529e968,0x00000006cee80000)
 Metaspace       used 44892K, capacity 45316K, committed 45824K, reserved 1089536K
  class space    used 5667K, capacity 5776K, committed 5888K, reserved 1048576K
GC Heap History (10 events):
Event: 3.165 GC heap before
{Heap before GC invocations=7 (full 1):
 PSYoungGen      total 134144K, used 129665K [0x000000076bd80000, 0x0000000776400000, 0x00000007c0000000)
  eden space 123392K, 100% used [0x000000076bd80000,0x0000000773600000,0x0000000773600000)
  from space 10752K, 58% used [0x0000000773600000,0x0000000773c20500,0x0000000774080000)
  to   space 14848K, 0% used [0x0000000775580000,0x0000000775580000,0x0000000776400000)
 ParOldGen       total 109568K, used 10878K [0x00000006c3800000, 0x00000006ca300000, 0x000000076bd80000)
  object space 109568K, 9% used [0x00000006c3800000,0x00000006c429f940,0x00000006ca300000)
 Metaspace       used 27837K, capacity 28060K, committed 28416K, reserved 1075200K
  class space    used 3447K, capacity 3535K, committed 3584K, reserved 1048576K
Event: 3.171 GC heap after
Heap after GC invocations=7 (full 1):
 PSYoungGen      total 155648K, used 9992K [0x000000076bd80000, 0x0000000778700000, 0x00000007c0000000)
  eden space 140800K, 0% used [0x000000076bd80000,0x000000076bd80000,0x0000000774700000)
  from space 14848K, 67% used [0x0000000775580000,0x0000000775f42118,0x0000000776400000)
  to   space 14848K, 0% used [0x0000000774700000,0x0000000774700000,0x0000000775580000)
 ParOldGen       total 109568K, used 10886K [0x00000006c3800000, 0x00000006ca300000, 0x000000076bd80000)
  object space 109568K, 9% used [0x00000006c3800000,0x00000006c42a1940,0x00000006ca300000)
 Metaspace       used 27837K, capacity 28060K, committed 28416K, reserved 1075200K
  class space    used 3447K, capacity 3535K, committed 3584K, reserved 1048576K
}
Event: 4.040 GC heap before
{Heap before GC invocations=8 (full 1):
 PSYoungGen      total 155648K, used 150792K [0x000000076bd80000, 0x0000000778700000, 0x00000007c0000000)
  eden space 140800K, 100% used [0x000000076bd80000,0x0000000774700000,0x0000000774700000)
  from space 14848K, 67% used [0x0000000775580000,0x0000000775f42118,0x0000000776400000)
  to   space 14848K, 0% used [0x0000000774700000,0x0000000774700000,0x0000000775580000)
 ParOldGen       total 109568K, used 10886K [0x00000006c3800000, 0x00000006ca300000, 0x000000076bd80000)
  object space 109568K, 9% used [0x00000006c3800000,0x00000006c42a1940,0x00000006ca300000)
 Metaspace       used 31611K, capacity 31902K, committed 32256K, reserved 1077248K
  class space    used 3899K, capacity 3994K, committed 4096K, reserved 1048576K
Event: 4.051 GC heap after
Heap after GC invocations=8 (full 1):
 PSYoungGen      total 155648K, used 14825K [0x000000076bd80000, 0x000000077a280000, 0x00000007c0000000)
  eden space 140800K, 0% used [0x000000076bd80000,0x000000076bd80000,0x0000000774700000)
  from space 14848K, 99% used [0x0000000774700000,0x000000077557a600,0x0000000775580000)
  to   space 16896K, 0% used [0x0000000779200000,0x0000000779200000,0x000000077a280000)
 ParOldGen       total 109568K, used 11005K [0x00000006c3800000, 0x00000006ca300000, 0x000000076bd80000)
  object space 109568K, 10% used [0x00000006c3800000,0x00000006c42bf728,0x00000006ca300000)
 Metaspace       used 31611K, capacity 31902K, committed 32256K, reserved 1077248K
  class space    used 3899K, capacity 3994K, committed 4096K, reserved 1048576K
}
Event: 4.808 GC heap before
{Heap before GC invocations=9 (full 1):
 PSYoungGen      total 155648K, used 122970K [0x000000076bd80000, 0x000000077a280000, 0x00000007c0000000)
  eden space 140800K, 76% used [0x000000076bd80000,0x000000077271c488,0x0000000774700000)
  from space 14848K, 99% used [0x0000000774700000,0x000000077557a600,0x0000000775580000)
  to   space 16896K, 0% used [0x0000000779200000,0x0000000779200000,0x000000077a280000)
 ParOldGen       total 109568K, used 11005K [0x00000006c3800000, 0x00000006ca300000, 0x000000076bd80000)
  object space 109568K, 10% used [0x00000006c3800000,0x00000006c42bf728,0x00000006ca300000)
 Metaspace       used 34836K, capacity 35136K, committed 35456K, reserved 1081344K
  class space    used 4259K, capacity 4366K, committed 4480K, reserved 1048576K
Event: 4.821 GC heap after
Heap after GC invocations=9 (full 1):
 PSYoungGen      total 214528K, used 16879K [0x000000076bd80000, 0x000000077aa80000, 0x00000007c0000000)
  eden space 197632K, 0% used [0x000000076bd80000,0x000000076bd80000,0x0000000777e80000)
  from space 16896K, 99% used [0x0000000779200000,0x000000077a27bf70,0x000000077a280000)
  to   space 19968K, 0% used [0x0000000777e80000,0x0000000777e80000,0x0000000779200000)
 ParOldGen       total 109568K, used 12656K [0x00000006c3800000, 0x00000006ca300000, 0x000000076bd80000)
  object space 109568K, 11% used [0x00000006c3800000,0x00000006c445c3b8,0x00000006ca300000)
 Metaspace       used 34836K, capacity 35136K, committed 35456K, reserved 1081344K
  class space    used 4259K, capacity 4366K, committed 4480K, reserved 1048576K
}
Event: 4.821 GC heap before
{Heap before GC invocations=10 (full 2):
 PSYoungGen      total 214528K, used 16879K [0x000000076bd80000, 0x000000077aa80000, 0x00000007c0000000)
  eden space 197632K, 0% used [0x000000076bd80000,0x000000076bd80000,0x0000000777e80000)
  from space 16896K, 99% used [0x0000000779200000,0x000000077a27bf70,0x000000077a280000)
  to   space 19968K, 0% used [0x0000000777e80000,0x0000000777e80000,0x0000000779200000)
 ParOldGen       total 109568K, used 12656K [0x00000006c3800000, 0x00000006ca300000, 0x000000076bd80000)
  object space 109568K, 11% used [0x00000006c3800000,0x00000006c445c3b8,0x00000006ca300000)
 Metaspace       used 34836K, capacity 35136K, committed 35456K, reserved 1081344K
  class space    used 4259K, capacity 4366K, committed 4480K, reserved 1048576K
Event: 4.930 GC heap after
Heap after GC invocations=10 (full 2):
 PSYoungGen      total 214528K, used 0K [0x000000076bd80000, 0x000000077aa80000, 0x00000007c0000000)
  eden space 197632K, 0% used [0x000000076bd80000,0x000000076bd80000,0x0000000777e80000)
  from space 16896K, 0% used [0x0000000779200000,0x0000000779200000,0x000000077a280000)
  to   space 19968K, 0% used [0x0000000777e80000,0x0000000777e80000,0x0000000779200000)
 ParOldGen       total 186880K, used 27250K [0x00000006c3800000, 0x00000006cee80000, 0x000000076bd80000)
  object space 186880K, 14% used [0x00000006c3800000,0x00000006c529c968,0x00000006cee80000)
 Metaspace       used 34836K, capacity 35136K, committed 35456K, reserved 1081344K
  class space    used 4259K, capacity 4366K, committed 4480K, reserved 1048576K
}
Event: 6.632 GC heap before
{Heap before GC invocations=11 (full 2):
 PSYoungGen      total 214528K, used 197632K [0x000000076bd80000, 0x000000077aa80000, 0x00000007c0000000)
  eden space 197632K, 100% used [0x000000076bd80000,0x0000000777e80000,0x0000000777e80000)
  from space 16896K, 0% used [0x0000000779200000,0x0000000779200000,0x000000077a280000)
  to   space 19968K, 0% used [0x0000000777e80000,0x0000000777e80000,0x0000000779200000)
 ParOldGen       total 186880K, used 27250K [0x00000006c3800000, 0x00000006cee80000, 0x000000076bd80000)
  object space 186880K, 14% used [0x00000006c3800000,0x00000006c529c968,0x00000006cee80000)
 Metaspace       used 44348K, capacity 44800K, committed 45184K, reserved 1089536K
  class space    used 5595K, capacity 5710K, committed 5760K, reserved 1048576K
Event: 6.642 GC heap after
Heap after GC invocations=11 (full 2):
 PSYoungGen      total 217600K, used 13516K [0x000000076bd80000, 0x000000077cc00000, 0x00000007c0000000)
  eden space 197632K, 0% used [0x000000076bd80000,0x000000076bd80000,0x0000000777e80000)
  from space 19968K, 67% used [0x0000000777e80000,0x0000000778bb33e8,0x0000000779200000)
  to   space 19968K, 0% used [0x000000077b880000,0x000000077b880000,0x000000077cc00000)
 ParOldGen       total 186880K, used 27258K [0x00000006c3800000, 0x00000006cee80000, 0x000000076bd80000)
  object space 186880K, 14% used [0x00000006c3800000,0x00000006c529e968,0x00000006cee80000)
 Metaspace       used 44348K, capacity 44800K, committed 45184K, reserved 1089536K
  class space    used 5595K, capacity 5710K, committed 5760K, reserved 1048576K
}

